;AS.C V0.1, Source: T.S, Output: T.LST, T.COM

0000                
0000                ; A.COM V0.9, Source: T.C, Output asm: T.S
0000                org  256 
0000 E9 00 00      *jmp main
0003                
0003                ;-1 char LIST;
0003                
0003 00             LIST db 0
0004                
0004                ;-2 char V;
0004                
0004 00             V db 0
0005                
0005                ;-3 int main() { 
0005                
0005                
;***** next line ERROR: DB,DW,DD or RESB,W,D expected, Symbol: PROC
 Errors: 1 ***ERROR*** , Out: T.LST, T.COM= 5 bytes. Labels: 4.  LabelNamePtr:30540 &LabelNames:30523size: 17. >>LIST V main PROC << 
LIST 0103, V 0104, main 0105, PROC 0105, 